  1.cpp
C:\Users\herge\source\repos\Lab11\Lab11\Tries.h(42,14): error C2061: sözdizimi hatası: tanımlayıcı 'string'
C:\Users\herge\source\repos\Lab11\Lab11\Tries.h(43,16): error C2061: sözdizimi hatası: tanımlayıcı 'string'
C:\Users\herge\source\repos\Lab11\Lab11\Tries.h(44,14): error C2061: sözdizimi hatası: tanımlayıcı 'string'
  Tries.cpp
C:\Users\herge\source\repos\Lab11\Lab11\Tries.h(42,14): error C2061: sözdizimi hatası: tanımlayıcı 'string'
C:\Users\herge\source\repos\Lab11\Lab11\Tries.h(43,16): error C2061: sözdizimi hatası: tanımlayıcı 'string'
C:\Users\herge\source\repos\Lab11\Lab11\Tries.h(44,14): error C2061: sözdizimi hatası: tanımlayıcı 'string'
C:\Users\herge\source\repos\Lab11\Lab11\Tries.cpp(3,13): error C2511: 'void Tries::insert(std::string)': aşırı yüklenen üye işlev 'Tries' içinde bulunamadı
C:\Users\herge\source\repos\Lab11\Lab11\Tries.h(23): message : 'Tries' bildirimine bakın
C:\Users\herge\source\repos\Lab11\Lab11\Tries.cpp(9,5): error C2597: statik olmayan 'Tries::root' üyesine başvuru geçersiz
C:\Users\herge\source\repos\Lab11\Lab11\Tries.cpp(9,5): error C3867: 'Tries::root': standart olmayan söz dizimi; bir üyeye işaretçi oluşturmak için '&' kullanın
C:\Users\herge\source\repos\Lab11\Lab11\Tries.cpp(9,5): error C2568: '[': işlevin aşırı yüklenmesi çözümlenemedi
C:\Users\herge\source\repos\Lab11\Lab11\Tries.cpp(11,15): error C2597: statik olmayan 'Tries::root' üyesine başvuru geçersiz
C:\Users\herge\source\repos\Lab11\Lab11\Tries.cpp(11,15): error C3867: 'Tries::root': standart olmayan söz dizimi; bir üyeye işaretçi oluşturmak için '&' kullanın
C:\Users\herge\source\repos\Lab11\Lab11\Tries.cpp(11,15): error C2568: '[': işlevin aşırı yüklenmesi çözümlenemedi
C:\Users\herge\source\repos\Lab11\Lab11\Tries.cpp(13,29): error C2597: statik olmayan 'Tries::root' üyesine başvuru geçersiz
C:\Users\herge\source\repos\Lab11\Lab11\Tries.cpp(13,29): error C3867: 'Tries::root': standart olmayan söz dizimi; bir üyeye işaretçi oluşturmak için '&' kullanın
C:\Users\herge\source\repos\Lab11\Lab11\Tries.cpp(13,29): error C2568: '[': işlevin aşırı yüklenmesi çözümlenemedi
C:\Users\herge\source\repos\Lab11\Lab11\Tries.cpp(21,5): error C2039: 'isEndOfword': bir 'TriesNode' üyesi değil
C:\Users\herge\source\repos\Lab11\Lab11\Tries.h(10): message : 'TriesNode' bildirimine bakın
C:\Users\herge\source\repos\Lab11\Lab11\Tries.cpp(24,15): error C2511: 'Tries *Tries::search(std::string)': aşırı yüklenen üye işlev 'Tries' içinde bulunamadı
C:\Users\herge\source\repos\Lab11\Lab11\Tries.h(23): message : 'Tries' bildirimine bakın
C:\Users\herge\source\repos\Lab11\Lab11\Tries.cpp(28,29): error C2597: statik olmayan 'Tries::root' üyesine başvuru geçersiz
C:\Users\herge\source\repos\Lab11\Lab11\Tries.cpp(28,29): error C3867: 'Tries::root': standart olmayan söz dizimi; bir üyeye işaretçi oluşturmak için '&' kullanın
C:\Users\herge\source\repos\Lab11\Lab11\Tries.cpp(28,29): error C2568: '[': işlevin aşırı yüklenmesi çözümlenemedi
C:\Users\herge\source\repos\Lab11\Lab11\Tries.cpp(30,10): error C2039: 'children': bir 'TriesNode' üyesi değil
C:\Users\herge\source\repos\Lab11\Lab11\Tries.h(10): message : 'TriesNode' bildirimine bakın
C:\Users\herge\source\repos\Lab11\Lab11\Tries.cpp(32,17): error C2039: 'storesValue': bir 'TriesNode' üyesi değil
C:\Users\herge\source\repos\Lab11\Lab11\Tries.h(10): message : 'TriesNode' bildirimine bakın
  Kod Üretiliyor...
